<?xml version="1.0" encoding="UTF-8"?>
<testsuite xmlns:xsi="http://www.w3.org/2001/XMLSchema-instance" xsi:noNamespaceSchemaLocation="https://maven.apache.org/surefire/maven-surefire-plugin/xsd/surefire-test-report.xsd" version="3.0.2" name="com.project.TliasWebManagementApplicationTests" time="2.232" tests="1" errors="0" skipped="0" failures="0">
  <properties>
[...]
</properties>
  <testcase name="contextLoads" classname="com.project.TliasWebManagementApplicationTests" time="0.513">
    <system-out><![CDATA[2025-07-07 17:04:57.925 [main] INFO  o.s.t.c.support.AnnotationConfigContextLoaderUtils-Could not detect default configuration classes for test class [com.project.TliasWebManagementApplicationTests]: TliasWebManagementApplicationTests does not declare any static, non-private, non-final, nested classes annotated with @Configuration.
2025-07-07 17:04:58.010 [main] INFO  o.s.b.t.context.SpringBootTestContextBootstrapper-Found @SpringBootConfiguration com.project.TliasWebManagementApplication for test class com.project.TliasWebManagementApplicationTests

  .   ____          _            __ _ _
 /\\ / ___'_ __ _ _(_)_ __  __ _ \ \ \ \
( ( )\___ | '_ | '_| | '_ \/ _` | \ \ \ \
 \\/  ___)| |_)| | | | | || (_| |  ) ) ) )
  '  |____| .__|_| |_|_| |_\__, | / / / /
 =========|_|==============|___/=/_/_/_/

 :: Spring Boot ::                (v3.4.7)

2025-07-07 17:04:58.249 [main] INFO  com.project.TliasWebManagementApplicationTests-Starting TliasWebManagementApplicationTests using Java 17.0.12 with PID 108864 (started by Winston in C:\Users\Winston\Desktop\web-ai-development\tlias-web-management)
2025-07-07 17:04:58.250 [main] INFO  com.project.TliasWebManagementApplicationTests-No active profile set, falling back to 1 default profile: "default"
Logging initialized using 'class org.apache.ibatis.logging.stdout.StdOutImpl' adapter.


,------.                           ,--.  ,--.         ,--.                         
|  .--. '  ,--,--.  ,---.   ,---.  |  '--'  |  ,---.  |  |  ,---.   ,---.  ,--.--. 
|  '--' | ' ,-.  | | .-. | | .-. : |  .--.  | | .-. : |  | | .-. | | .-. : |  .--' 
|  | --'  \ '-'  | ' '-' ' \   --. |  |  |  | \   --. |  | | '-' ' \   --. |  |    
`--'       `--`--' .`-  /   `----' `--'  `--'  `----' `--' |  |-'   `----' `--'    
                   `---'                                   `--'                        is intercepting.

2025-07-07 17:04:59.457 [main] INFO  com.project.TliasWebManagementApplicationTests-Started TliasWebManagementApplicationTests in 1.364 seconds (process running for 2.225)
]]></system-out>
  </testcase>
</testsuite>